# JRE version: OpenJDK Runtime Environment Temurin-17.0.6+10 (17.0.6+10) (build 17.0.6+10)
# Java VM: OpenJDK 64-Bit Server VM Temurin-17.0.6+10 (17.0.6+10, mixed mode, tiered, compressed oops, compressed class ptrs, g1 gc, windows-amd64)
GC Precious Log:
 CPUs: 16 total, 16 available
 Memory: 14188M
 Large Page Support: Disabled
 NUMA Support: Disabled
 Compressed Oops: Enabled (Zero based)
 Heap Region Size: 2M
 Heap Min Capacity: 8M
 Heap Initial Capacity: 222M
 Heap Max Capacity: 3548M
 Pre-touch: Disabled
 Parallel Workers: 13
 Concurrent Workers: 3
 Concurrent Refinement Workers: 13
 Periodic GC: Disabled
Heap:
 garbage-first heap   total 49152K, used 29176K [0x0000000722400000, 0x0000000800000000)
  region size 2048K, 11 young (22528K), 2 survivors (4096K)
 Metaspace       used 41257K, committed 41728K, reserved 1089536K
  class space    used 4632K, committed 4864K, reserved 1048576K
GC Heap History (20 events):
Event: 125.739 GC heap before
{Heap before GC invocations=11 (full 0):
 garbage-first heap   total 135168K, used 17187K [0x0000000722400000, 0x0000000800000000)
  region size 2048K, 3 young (6144K), 1 survivors (2048K)
 Metaspace       used 39292K, committed 39808K, reserved 1089536K
  class space    used 4589K, committed 4800K, reserved 1048576K
}
Event: 125.769 GC heap after
{Heap after GC invocations=12 (full 1):
 garbage-first heap   total 55296K, used 12688K [0x0000000722400000, 0x0000000800000000)
  region size 2048K, 0 young (0K), 0 survivors (0K)
 Metaspace       used 39292K, committed 39808K, reserved 1089536K
  class space    used 4589K, committed 4800K, reserved 1048576K
}
Event: 161.440 GC heap before
{Heap before GC invocations=12 (full 1):
 garbage-first heap   total 55296K, used 37264K [0x0000000722400000, 0x0000000800000000)
  region size 2048K, 12 young (24576K), 0 survivors (0K)
 Metaspace       used 39831K, committed 40256K, reserved 1089536K
  class space    used 4600K, committed 4800K, reserved 1048576K
}
Event: 161.443 GC heap after
{Heap after GC invocations=13 (full 1):
 garbage-first heap   total 55296K, used 14776K [0x0000000722400000, 0x0000000800000000)
  region size 2048K, 2 young (4096K), 2 survivors (4096K)
 Metaspace       used 39831K, committed 40256K, reserved 1089536K
  class space    used 4600K, committed 4800K, reserved 1048576K
}
Event: 308.123 GC heap before
{Heap before GC invocations=13 (full 1):
 garbage-first heap   total 55296K, used 16824K [0x0000000722400000, 0x0000000800000000)
  region size 2048K, 4 young (8192K), 2 survivors (4096K)
 Metaspace       used 39997K, committed 40512K, reserved 1089536K
  class space    used 4615K, committed 4864K, reserved 1048576K
}
Event: 308.182 GC heap after
{Heap after GC invocations=14 (full 2):
 garbage-first heap   total 49152K, used 12717K [0x0000000722400000, 0x0000000800000000)
  region size 2048K, 0 young (0K), 0 survivors (0K)
 Metaspace       used 39994K, committed 40512K, reserved 1089536K
  class space    used 4615K, committed 4864K, reserved 1048576K
}
Event: 308.808 GC heap before
{Heap before GC invocations=14 (full 2):
 garbage-first heap   total 49152K, used 33197K [0x0000000722400000, 0x0000000800000000)
  region size 2048K, 10 young (20480K), 0 survivors (0K)
 Metaspace       used 40196K, committed 40704K, reserved 1089536K
  class space    used 4619K, committed 4864K, reserved 1048576K
}
Event: 308.810 GC heap after
{Heap after GC invocations=15 (full 2):
 garbage-first heap   total 49152K, used 14827K [0x0000000722400000, 0x0000000800000000)
  region size 2048K, 2 young (4096K), 2 survivors (4096K)
 Metaspace       used 40196K, committed 40704K, reserved 1089536K
  class space    used 4619K, committed 4864K, reserved 1048576K
}
Event: 324.391 GC heap before
{Heap before GC invocations=15 (full 2):
 garbage-first heap   total 49152K, used 16875K [0x0000000722400000, 0x0000000800000000)
  region size 2048K, 4 young (8192K), 2 survivors (4096K)
 Metaspace       used 40332K, committed 40896K, reserved 1089536K
  class space    used 4620K, committed 4864K, reserved 1048576K
}
Event: 324.446 GC heap after
{Heap after GC invocations=16 (full 3):
 garbage-first heap   total 49152K, used 12751K [0x0000000722400000, 0x0000000800000000)
  region size 2048K, 0 young (0K), 0 survivors (0K)
 Metaspace       used 40329K, committed 40896K, reserved 1089536K
  class space    used 4619K, committed 4864K, reserved 1048576K
}
Event: 324.989 GC heap before
{Heap before GC invocations=16 (full 3):
 garbage-first heap   total 49152K, used 33231K [0x0000000722400000, 0x0000000800000000)
  region size 2048K, 10 young (20480K), 0 survivors (0K)
 Metaspace       used 40517K, committed 41024K, reserved 1089536K
  class space    used 4626K, committed 4864K, reserved 1048576K
}
Event: 324.991 GC heap after
{Heap after GC invocations=17 (full 3):
 garbage-first heap   total 49152K, used 14928K [0x0000000722400000, 0x0000000800000000)
  region size 2048K, 2 young (4096K), 2 survivors (4096K)
 Metaspace       used 40517K, committed 41024K, reserved 1089536K
  class space    used 4626K, committed 4864K, reserved 1048576K
}
Event: 352.635 GC heap before
{Heap before GC invocations=17 (full 3):
 garbage-first heap   total 49152K, used 16976K [0x0000000722400000, 0x0000000800000000)
  region size 2048K, 4 young (8192K), 2 survivors (4096K)
 Metaspace       used 40559K, committed 41024K, reserved 1089536K
  class space    used 4626K, committed 4864K, reserved 1048576K
}
Event: 352.684 GC heap after
{Heap after GC invocations=18 (full 4):
 garbage-first heap   total 49152K, used 12665K [0x0000000722400000, 0x0000000800000000)
  region size 2048K, 0 young (0K), 0 survivors (0K)
 Metaspace       used 40556K, committed 41024K, reserved 1089536K
  class space    used 4626K, committed 4864K, reserved 1048576K
}
Event: 353.217 GC heap before
{Heap before GC invocations=18 (full 4):
 garbage-first heap   total 49152K, used 33145K [0x0000000722400000, 0x0000000800000000)
  region size 2048K, 10 young (20480K), 0 survivors (0K)
 Metaspace       used 40671K, committed 41152K, reserved 1089536K
  class space    used 4628K, committed 4864K, reserved 1048576K
}
Event: 353.220 GC heap after
{Heap after GC invocations=19 (full 4):
 garbage-first heap   total 49152K, used 14844K [0x0000000722400000, 0x0000000800000000)
  region size 2048K, 2 young (4096K), 2 survivors (4096K)
 Metaspace       used 40671K, committed 41152K, reserved 1089536K
  class space    used 4628K, committed 4864K, reserved 1048576K
}
Event: 1563.440 GC heap before
{Heap before GC invocations=19 (full 4):
 garbage-first heap   total 49152K, used 33276K [0x0000000722400000, 0x0000000800000000)
  region size 2048K, 11 young (22528K), 2 survivors (4096K)
 Metaspace       used 40731K, committed 41216K, reserved 1089536K
  class space    used 4630K, committed 4864K, reserved 1048576K
}
Event: 1563.442 GC heap after
{Heap after GC invocations=20 (full 4):
 garbage-first heap   total 49152K, used 14752K [0x0000000722400000, 0x0000000800000000)
  region size 2048K, 2 young (4096K), 2 survivors (4096K)
 Metaspace       used 40731K, committed 41216K, reserved 1089536K
  class space    used 4630K, committed 4864K, reserved 1048576K
}
Event: 2978.009 GC heap before
{Heap before GC invocations=20 (full 4):
 garbage-first heap   total 49152K, used 33184K [0x0000000722400000, 0x0000000800000000)
  region size 2048K, 11 young (22528K), 2 survivors (4096K)
 Metaspace       used 40773K, committed 41280K, reserved 1089536K
  class space    used 4630K, committed 4864K, reserved 1048576K
}
Event: 2978.010 GC heap after
{Heap after GC invocations=21 (full 4):
 garbage-first heap   total 49152K, used 14840K [0x0000000722400000, 0x0000000800000000)
  region size 2048K, 2 young (4096K), 2 survivors (4096K)
 Metaspace       used 40773K, committed 41280K, reserved 1089536K
  class space    used 4630K, committed 4864K, reserved 1048576K
}

